{
  "stats": {
    "suites": 2,
    "tests": 1,
    "passes": 1,
    "pending": 0,
    "failures": 0,
    "start": "2025-10-16T20:46:59.824Z",
    "end": "2025-10-16T20:46:59.856Z",
    "duration": 32,
    "testsRegistered": 1,
    "passPercent": 100,
    "pendingPercent": 0,
    "other": 0,
    "hasOther": false,
    "skipped": 0,
    "hasSkipped": false
  },
  "results": [
    {
      "uuid": "7f0016af-f0d1-415a-8bf4-ebb5c3b523a6",
      "title": "",
      "fullFile": "C:\\Projetos\\banco-api-tests\\test\\login.test.js",
      "file": "\\test\\login.test.js",
      "beforeHooks": [],
      "afterHooks": [],
      "tests": [],
      "suites": [
        {
          "uuid": "6e249555-dbb3-4993-a9a0-37f36bd7ae07",
          "title": "Login",
          "fullFile": "C:\\Projetos\\banco-api-tests\\test\\login.test.js",
          "file": "\\test\\login.test.js",
          "beforeHooks": [],
          "afterHooks": [],
          "tests": [],
          "suites": [
            {
              "uuid": "45c1c86c-73c2-4583-ae63-b254e0eda52d",
              "title": "POST /login",
              "fullFile": "C:\\Projetos\\banco-api-tests\\test\\login.test.js",
              "file": "\\test\\login.test.js",
              "beforeHooks": [],
              "afterHooks": [],
              "tests": [
                {
                  "title": "Deve retornar 200 com um token em string quando usar credenciais válida",
                  "fullTitle": "Login POST /login Deve retornar 200 com um token em string quando usar credenciais válida",
                  "timedOut": false,
                  "duration": 24,
                  "state": "passed",
                  "speed": "fast",
                  "pass": true,
                  "fail": false,
                  "pending": false,
                  "context": null,
                  "code": "const resposta = await request ('http://localhost:3000')\n.post('/login')\n.set('Content-Type', 'application/json')\n.send({\n        'username': 'julio.lima',\n        'senha': \"123456\"\n      })\nconsole.log(resposta.status)\nconsole.log(resposta.body)\n\nexpect(resposta.status).to.equal(200);\nexpect(resposta.body.token).to.be.a('string');",
                  "err": {},
                  "uuid": "b2f2251f-e2e3-4fef-9870-272f095a2e70",
                  "parentUUID": "45c1c86c-73c2-4583-ae63-b254e0eda52d",
                  "isHook": false,
                  "skipped": false
                }
              ],
              "suites": [],
              "passes": [
                "b2f2251f-e2e3-4fef-9870-272f095a2e70"
              ],
              "failures": [],
              "pending": [],
              "skipped": [],
              "duration": 24,
              "root": false,
              "rootEmpty": false,
              "_timeout": 2000
            }
          ],
          "passes": [],
          "failures": [],
          "pending": [],
          "skipped": [],
          "duration": 0,
          "root": false,
          "rootEmpty": false,
          "_timeout": 2000
        }
      ],
      "passes": [],
      "failures": [],
      "pending": [],
      "skipped": [],
      "duration": 0,
      "root": true,
      "rootEmpty": true,
      "_timeout": 2000
    }
  ],
  "meta": {
    "mocha": {
      "version": "11.7.4"
    },
    "mochawesome": {
      "options": {
        "quiet": false,
        "reportFilename": "mochawesome",
        "saveHtml": true,
        "saveJson": true,
        "consoleReporter": "spec",
        "useInlineDiffs": false,
        "code": true
      },
      "version": "7.1.4"
    },
    "marge": {
      "options": null,
      "version": "6.3.0"
    }
  }
}